<?xml version="1.0" encoding="UTF-8"?>
<testsuite xmlns:xsi="http://www.w3.org/2001/XMLSchema-instance" xsi:noNamespaceSchemaLocation="https://maven.apache.org/surefire/maven-surefire-plugin/xsd/surefire-test-report.xsd" name="validadorhtml.AppTest" time="0.038" tests="1" errors="0" skipped="0" failures="0">
  <properties>
    <property name="java.specification.version" value="17"/>
    <property name="sun.jnu.encoding" value="UTF-8"/>
    <property name="java.class.path" value="/home/pvscarelli/Documents/FURB24/trabalho/trabalho/target/test-classes:/home/pvscarelli/Documents/FURB24/trabalho/trabalho/target/classes:/home/pvscarelli/.m2/repository/junit/junit/4.11/junit-4.11.jar:/home/pvscarelli/.m2/repository/org/hamcrest/hamcrest-core/1.3/hamcrest-core-1.3.jar:"/>
    <property name="java.vm.vendor" value="Amazon.com Inc."/>
    <property name="sun.arch.data.model" value="64"/>
    <property name="java.vendor.url" value="https://aws.amazon.com/corretto/"/>
    <property name="os.name" value="Linux"/>
    <property name="java.vm.specification.version" value="17"/>
    <property name="sun.java.launcher" value="SUN_STANDARD"/>
    <property name="user.country" value="US"/>
    <property name="sun.boot.library.path" value="/home/pvscarelli/.sdkman/candidates/java/17.0.10-amzn/lib"/>
    <property name="sun.java.command" value="/home/pvscarelli/Documents/FURB24/trabalho/trabalho/target/surefire/surefirebooter5940508530706729700.jar /home/pvscarelli/Documents/FURB24/trabalho/trabalho/target/surefire 2024-05-12T15-59-58_763-jvmRun1 surefire18146285401949815151tmp surefire_012454363550736232201tmp"/>
    <property name="jdk.debug" value="release"/>
    <property name="surefire.test.class.path" value="/home/pvscarelli/Documents/FURB24/trabalho/trabalho/target/test-classes:/home/pvscarelli/Documents/FURB24/trabalho/trabalho/target/classes:/home/pvscarelli/.m2/repository/junit/junit/4.11/junit-4.11.jar:/home/pvscarelli/.m2/repository/org/hamcrest/hamcrest-core/1.3/hamcrest-core-1.3.jar:"/>
    <property name="sun.cpu.endian" value="little"/>
    <property name="user.home" value="/home/pvscarelli"/>
    <property name="user.language" value="en"/>
    <property name="java.specification.vendor" value="Oracle Corporation"/>
    <property name="java.version.date" value="2024-01-16"/>
    <property name="java.home" value="/home/pvscarelli/.sdkman/candidates/java/17.0.10-amzn"/>
    <property name="file.separator" value="/"/>
    <property name="basedir" value="/home/pvscarelli/Documents/FURB24/trabalho/trabalho"/>
    <property name="java.vm.compressedOopsMode" value="32-bit"/>
    <property name="line.separator" value="&#10;"/>
    <property name="java.vm.specification.vendor" value="Oracle Corporation"/>
    <property name="java.specification.name" value="Java Platform API Specification"/>
    <property name="surefire.real.class.path" value="/home/pvscarelli/Documents/FURB24/trabalho/trabalho/target/surefire/surefirebooter5940508530706729700.jar"/>
    <property name="sun.management.compiler" value="HotSpot 64-Bit Tiered Compilers"/>
    <property name="java.runtime.version" value="17.0.10+7-LTS"/>
    <property name="user.name" value="pvscarelli"/>
    <property name="path.separator" value=":"/>
    <property name="os.version" value="5.15.0-106-generic"/>
    <property name="java.runtime.name" value="OpenJDK Runtime Environment"/>
    <property name="file.encoding" value="UTF-8"/>
    <property name="java.vm.name" value="OpenJDK 64-Bit Server VM"/>
    <property name="java.vendor.version" value="Corretto-17.0.10.7.1"/>
    <property name="localRepository" value="/home/pvscarelli/.m2/repository"/>
    <property name="java.vendor.url.bug" value="https://github.com/corretto/corretto-17/issues/"/>
    <property name="java.io.tmpdir" value="/tmp"/>
    <property name="java.version" value="17.0.10"/>
    <property name="user.dir" value="/home/pvscarelli/Documents/FURB24/trabalho/trabalho"/>
    <property name="os.arch" value="amd64"/>
    <property name="java.vm.specification.name" value="Java Virtual Machine Specification"/>
    <property name="native.encoding" value="UTF-8"/>
    <property name="java.library.path" value="/usr/java/packages/lib:/usr/lib64:/lib64:/lib:/usr/lib"/>
    <property name="java.vm.info" value="mixed mode, sharing"/>
    <property name="java.vendor" value="Amazon.com Inc."/>
    <property name="java.vm.version" value="17.0.10+7-LTS"/>
    <property name="sun.io.unicode.encoding" value="UnicodeLittle"/>
    <property name="java.class.version" value="61.0"/>
  </properties>
  <testcase name="shouldAnswerWithTrue" classname="validadorhtml.AppTest" time="0.002"/>
</testsuite>